Determining if the pthread_create exist failed with the following output:
Change Dir: /home/zhang/catkin_ws/src/kinect2_test/build-cv_bridge_kinect2-Desktop_Qt_5_6_1_GCC_64bit-Release/CMakeFiles/CMakeTmp

Run Build Command:"/usr/bin/make" "cmTC_9be35/fast"
/usr/bin/make -f CMakeFiles/cmTC_9be35.dir/build.make CMakeFiles/cmTC_9be35.dir/build
make[1]: Entering directory '/home/zhang/catkin_ws/src/kinect2_test/build-cv_bridge_kinect2-Desktop_Qt_5_6_1_GCC_64bit-Release/CMakeFiles/CMakeTmp'
Building C object CMakeFiles/cmTC_9be35.dir/CheckSymbolExists.c.o
/usr/bin/cc     -o CMakeFiles/cmTC_9be35.dir/CheckSymbolExists.c.o   -c /home/zhang/catkin_ws/src/kinect2_test/build-cv_bridge_kinect2-Desktop_Qt_5_6_1_GCC_64bit-Release/CMakeFiles/CMakeTmp/CheckSymbolExists.c
Linking C executable cmTC_9be35
/usr/bin/cmake -E cmake_link_script CMakeFiles/cmTC_9be35.dir/link.txt --verbose=1
/usr/bin/cc       CMakeFiles/cmTC_9be35.dir/CheckSymbolExists.c.o  -o cmTC_9be35 -rdynamic 
CMakeFiles/cmTC_9be35.dir/CheckSymbolExists.c.o：在函数‘main’中：
CheckSymbolExists.c:(.text+0x16)：对‘pthread_create’未定义的引用
collect2: error: ld returned 1 exit status
CMakeFiles/cmTC_9be35.dir/build.make:97: recipe for target 'cmTC_9be35' failed
make[1]: *** [cmTC_9be35] Error 1
make[1]: Leaving directory '/home/zhang/catkin_ws/src/kinect2_test/build-cv_bridge_kinect2-Desktop_Qt_5_6_1_GCC_64bit-Release/CMakeFiles/CMakeTmp'
Makefile:126: recipe for target 'cmTC_9be35/fast' failed
make: *** [cmTC_9be35/fast] Error 2

File /home/zhang/catkin_ws/src/kinect2_test/build-cv_bridge_kinect2-Desktop_Qt_5_6_1_GCC_64bit-Release/CMakeFiles/CMakeTmp/CheckSymbolExists.c:
/* */
#include <pthread.h>

int main(int argc, char** argv)
{
  (void)argv;
#ifndef pthread_create
  return ((int*)(&pthread_create))[argc];
#else
  (void)argc;
  return 0;
#endif
}

Determining if the function pthread_create exists in the pthreads failed with the following output:
Change Dir: /home/zhang/catkin_ws/src/kinect2_test/build-cv_bridge_kinect2-Desktop_Qt_5_6_1_GCC_64bit-Release/CMakeFiles/CMakeTmp

Run Build Command:"/usr/bin/make" "cmTC_ea642/fast"
/usr/bin/make -f CMakeFiles/cmTC_ea642.dir/build.make CMakeFiles/cmTC_ea642.dir/build
make[1]: Entering directory '/home/zhang/catkin_ws/src/kinect2_test/build-cv_bridge_kinect2-Desktop_Qt_5_6_1_GCC_64bit-Release/CMakeFiles/CMakeTmp'
Building C object CMakeFiles/cmTC_ea642.dir/CheckFunctionExists.c.o
/usr/bin/cc    -DCHECK_FUNCTION_EXISTS=pthread_create   -o CMakeFiles/cmTC_ea642.dir/CheckFunctionExists.c.o   -c /usr/share/cmake-3.5/Modules/CheckFunctionExists.c
Linking C executable cmTC_ea642
/usr/bin/cmake -E cmake_link_script CMakeFiles/cmTC_ea642.dir/link.txt --verbose=1
/usr/bin/cc   -DCHECK_FUNCTION_EXISTS=pthread_create    CMakeFiles/cmTC_ea642.dir/CheckFunctionExists.c.o  -o cmTC_ea642 -rdynamic -lpthreads 
/usr/bin/ld: 找不到 -lpthreads
collect2: error: ld returned 1 exit status
CMakeFiles/cmTC_ea642.dir/build.make:97: recipe for target 'cmTC_ea642' failed
make[1]: *** [cmTC_ea642] Error 1
make[1]: Leaving directory '/home/zhang/catkin_ws/src/kinect2_test/build-cv_bridge_kinect2-Desktop_Qt_5_6_1_GCC_64bit-Release/CMakeFiles/CMakeTmp'
Makefile:126: recipe for target 'cmTC_ea642/fast' failed
make: *** [cmTC_ea642/fast] Error 2


